2025-07-03 03:47:55.817 | info     |   SiliconDriver | Opened PCI device 0; KMD version: 1.33.0; API: 1; IOMMU: disabled (pci_device.cpp:198)
2025-07-03 03:47:55.820 | info     |   SiliconDriver | Opened PCI device 0; KMD version: 1.33.0; API: 1; IOMMU: disabled (pci_device.cpp:198)
2025-07-03 03:47:55.826 | info     |          Device | Opening user mode device driver (tt_cluster.cpp:174)
2025-07-03 03:47:55.826 | info     |   SiliconDriver | Opened PCI device 0; KMD version: 1.33.0; API: 1; IOMMU: disabled (pci_device.cpp:198)
2025-07-03 03:47:55.828 | info     |   SiliconDriver | Opened PCI device 0; KMD version: 1.33.0; API: 1; IOMMU: disabled (pci_device.cpp:198)
2025-07-03 03:47:55.834 | info     |   SiliconDriver | Opened PCI device 0; KMD version: 1.33.0; API: 1; IOMMU: disabled (pci_device.cpp:198)
2025-07-03 03:47:55.836 | info     |   SiliconDriver | Opened PCI device 0; KMD version: 1.33.0; API: 1; IOMMU: disabled (pci_device.cpp:198)
2025-07-03 03:47:55.842 | info     |   SiliconDriver | Harvesting mask for chip 0 is 0x1 (NOC0: 0x1, simulated harvesting mask: 0x0). (cluster.cpp:282)
2025-07-03 03:47:55.856 | info     |   SiliconDriver | Opened PCI device 0; KMD version: 1.33.0; API: 1; IOMMU: disabled (pci_device.cpp:198)
2025-07-03 03:47:55.868 | warning  |   SiliconDriver | init_detect_tt_device_numanodes(): Could not determine NumaNodeSet for TT device (physical_device_id: 0 pci_bus_id: 0000:05:00.0) (cpuset_lib.cpp:579)
2025-07-03 03:47:55.868 | warning  |   SiliconDriver | Could not find NumaNodeSet for TT Device (physical_device_id: 0 pci_bus_id: 0000:05:00.0) (cpuset_lib.cpp:183)
2025-07-03 03:47:55.868 | warning  |   SiliconDriver | bind_area_memory_nodeset(): Unable to determine TT Device to NumaNode mapping for physical_device_id: 0. Skipping membind. (cpuset_lib.cpp:464)
2025-07-03 03:47:55.868 | warning  |   SiliconDriver | ---- ttSiliconDevice::init_hugepage: bind_area_to_memory_nodeset() failed (physical_device_id: 0 ch: 0). Hugepage allocation is not on NumaNode matching TT Device. Side-Effect is decreased Device->Host perf (Issue #893). (sysmem_manager.cpp:180)
2025-07-03 03:47:55.869 | info     |   SiliconDriver | Opening local chip ids/pci ids: {0}/[0] and remote chip ids {} (cluster.cpp:147)
2025-07-03 03:47:55.871 | info     |   SiliconDriver | Software version 6.0.0, Ethernet FW version 6.15.0 (Device 0) (cluster.cpp:1039)
2025-07-03 03:47:55.894 | info     |           Metal | AI CLK for device 0 is:   1000 MHz (metal_context.cpp:122)
2025-07-03 03:47:56.487 | info     |           Metal | Initializing device 0. Program cache is NOT enabled (device.cpp:427)
2025-07-03 03:47:58.579 | error    |    BuildKernels | trisc0 compile failure -- cmd: cd /home/ubuntu/.cache/tt-metal-cache/dc41b871c4/4097/kernels/tt_eltwise_sfpu/8485080132360795593/trisc0/ && /opt/tenstorrent/sfpi/compiler/bin/riscv32-tt-elf-g++ -O3 -mcpu=tt-wh -std=c++17 -flto=auto -ffast-math -g -fno-use-cxa-atexit -fno-exceptions -Wall -Werror -Wno-unknown-pragmas -Wno-deprecated-declarations -Wno-error=multistatement-macros -Wno-error=parentheses -Wno-error=unused-but-set-variable -Wno-unused-variable -Wno-unused-function -I. -I.. -I/home/ubuntu/replay/examples/demos/exp_to_acos/1/code/.ttnn_runtime_artifacts/ -I/home/ubuntu/replay/examples/demos/exp_to_acos/1/code/.ttnn_runtime_artifacts/ttnn -I/home/ubuntu/replay/examples/demos/exp_to_acos/1/code/.ttnn_runtime_artifacts/ttnn/cpp -I/home/ubuntu/replay/examples/demos/exp_to_acos/1/code/.ttnn_runtime_artifacts/tt_metal -I/home/ubuntu/replay/examples/demos/exp_to_acos/1/code/.ttnn_runtime_artifacts/tt_metal/include -I/home/ubuntu/replay/examples/demos/exp_to_acos/1/code/.ttnn_runtime_artifacts/tt_metal/hw/inc -I/home/ubuntu/replay/examples/demos/exp_to_acos/1/code/.ttnn_runtime_artifacts/tt_metal/hostdevcommon/api -I/home/ubuntu/replay/examples/demos/exp_to_acos/1/code/.ttnn_runtime_artifacts/tt_metal/hw/inc/debug -I/home/ubuntu/replay/examples/demos/exp_to_acos/1/code/.ttnn_runtime_artifacts/tt_metal/hw/inc/wormhole -I/home/ubuntu/replay/examples/demos/exp_to_acos/1/code/.ttnn_runtime_artifacts/tt_metal/hw/inc/wormhole/wormhole_b0_defines -I/home/ubuntu/replay/examples/demos/exp_to_acos/1/code/.ttnn_runtime_artifacts/tt_metal/hw/inc/wormhole/noc -I/home/ubuntu/replay/examples/demos/exp_to_acos/1/code/.ttnn_runtime_artifacts/tt_metal/hw/ckernels/wormhole_b0/metal/common -I/home/ubuntu/replay/examples/demos/exp_to_acos/1/code/.ttnn_runtime_artifacts/tt_metal/hw/ckernels/wormhole_b0/metal/llk_io -I/home/ubuntu/replay/examples/demos/exp_to_acos/1/code/.ttnn_runtime_artifacts/tt_metal/third_party/tt_llk/tt_llk_wormhole_b0/common/inc -I/home/ubuntu/replay/examples/demos/exp_to_acos/1/code/.ttnn_runtime_artifacts/tt_metal/api/ -I/home/ubuntu/replay/examples/demos/exp_to_acos/1/code/.ttnn_runtime_artifacts/tt_metal/api/tt-metalium/ -I/home/ubuntu/replay/examples/demos/exp_to_acos/1/code/.ttnn_runtime_artifacts/tt_metal/third_party/tt_llk/tt_llk_wormhole_b0/llk_lib -I/home/ubuntu/replay/examples/demos/exp_to_acos/1/code/.ttnn_runtime_artifacts/tt_metal/hw/ckernels/wormhole_b0/metal/common -I/home/ubuntu/replay/examples/demos/exp_to_acos/1/code/.ttnn_runtime_artifacts/tt_metal/hw/ckernels/wormhole_b0/metal/llk_io -I/home/ubuntu/replay/examples/demos/exp_to_acos/1/code/.ttnn_runtime_artifacts/tt_metal/hw/ckernels/wormhole_b0/metal/llk_api -I/home/ubuntu/replay/examples/demos/exp_to_acos/1/code/.ttnn_runtime_artifacts/tt_metal/hw/ckernels/wormhole_b0/metal/llk_api/llk_sfpu -I/opt/tenstorrent/sfpi/include -I/home/ubuntu/replay/examples/demos/exp_to_acos/1/code/.ttnn_runtime_artifacts/tt_metal/hw/firmware/src -I/home/ubuntu/replay/examples/demos/exp_to_acos/1/code/.ttnn_runtime_artifacts/tt_metal/third_party/tt_llk/tt_llk_wormhole_b0/llk_lib -c -o trisck.o /home/ubuntu/replay/examples/demos/exp_to_acos/1/code/.ttnn_runtime_artifacts/tt_metal/hw/firmware/src/trisck.cc -DARCH_WORMHOLE -DIS_NOT_POW2_NUM_DRAM_BANKS=1 -DLOG_BASE_2_OF_NUM_L1_BANKS=6 -DNUM_DRAM_BANKS=12 -DNUM_L1_BANKS=64 -DPCIE_NOC_X=0 -DPCIE_NOC_Y=3 -DTENSIX_FIRMWARE -DLOCAL_MEM_EN=0 -DROUTING_FW_ENABLED -DUCK_CHLKC_UNPACK -DNAMESPACE=chlkc_unpack -DCOMPILE_FOR_TRISC=0 -DKERNEL_BUILD -DDISPATCH_MESSAGE_ADDR=4290183304 -DKERNEL_COMPILE_TIME_ARGS=4,1  (build.cpp:62)
2025-07-03 03:47:58.579 | critical |          Always | trisc0 build failed. Log: In file included from ../chlkc_unpack.cpp:3,
                 from /home/ubuntu/replay/examples/demos/exp_to_acos/1/code/.ttnn_runtime_artifacts/tt_metal/hw/ckernels/wormhole_b0/metal/common/chlkc_list.h:37,
                 from /home/ubuntu/replay/examples/demos/exp_to_acos/1/code/.ttnn_runtime_artifacts/tt_metal/hw/firmware/src/trisck.cc:14:
/home/ubuntu/replay/examples/demos/exp_to_acos/1/code/tt_eltwise_sfpu.cpp:8:10: fatal error: compute_kernel_api/eltwise_unary/acos.h: No such file or directory
    8 | #include "compute_kernel_api/eltwise_unary/acos.h"
      |          ^~~~~~~~~~~~~~~~~~~~~~~~~~~~~~~~~~~~~~~~~
compilation terminated.
 (assert.hpp:107)
2025-07-03 03:47:58.581 | error    |    BuildKernels | trisc1 compile failure -- cmd: cd /home/ubuntu/.cache/tt-metal-cache/dc41b871c4/4097/kernels/tt_eltwise_sfpu/8485080132360795593/trisc1/ && /opt/tenstorrent/sfpi/compiler/bin/riscv32-tt-elf-g++ -O3 -mcpu=tt-wh -std=c++17 -flto=auto -ffast-math -g -fno-use-cxa-atexit -fno-exceptions -Wall -Werror -Wno-unknown-pragmas -Wno-deprecated-declarations -Wno-error=multistatement-macros -Wno-error=parentheses -Wno-error=unused-but-set-variable -Wno-unused-variable -Wno-unused-function -I. -I.. -I/home/ubuntu/replay/examples/demos/exp_to_acos/1/code/.ttnn_runtime_artifacts/ -I/home/ubuntu/replay/examples/demos/exp_to_acos/1/code/.ttnn_runtime_artifacts/ttnn -I/home/ubuntu/replay/examples/demos/exp_to_acos/1/code/.ttnn_runtime_artifacts/ttnn/cpp -I/home/ubuntu/replay/examples/demos/exp_to_acos/1/code/.ttnn_runtime_artifacts/tt_metal -I/home/ubuntu/replay/examples/demos/exp_to_acos/1/code/.ttnn_runtime_artifacts/tt_metal/include -I/home/ubuntu/replay/examples/demos/exp_to_acos/1/code/.ttnn_runtime_artifacts/tt_metal/hw/inc -I/home/ubuntu/replay/examples/demos/exp_to_acos/1/code/.ttnn_runtime_artifacts/tt_metal/hostdevcommon/api -I/home/ubuntu/replay/examples/demos/exp_to_acos/1/code/.ttnn_runtime_artifacts/tt_metal/hw/inc/debug -I/home/ubuntu/replay/examples/demos/exp_to_acos/1/code/.ttnn_runtime_artifacts/tt_metal/hw/inc/wormhole -I/home/ubuntu/replay/examples/demos/exp_to_acos/1/code/.ttnn_runtime_artifacts/tt_metal/hw/inc/wormhole/wormhole_b0_defines -I/home/ubuntu/replay/examples/demos/exp_to_acos/1/code/.ttnn_runtime_artifacts/tt_metal/hw/inc/wormhole/noc -I/home/ubuntu/replay/examples/demos/exp_to_acos/1/code/.ttnn_runtime_artifacts/tt_metal/hw/ckernels/wormhole_b0/metal/common -I/home/ubuntu/replay/examples/demos/exp_to_acos/1/code/.ttnn_runtime_artifacts/tt_metal/hw/ckernels/wormhole_b0/metal/llk_io -I/home/ubuntu/replay/examples/demos/exp_to_acos/1/code/.ttnn_runtime_artifacts/tt_metal/third_party/tt_llk/tt_llk_wormhole_b0/common/inc -I/home/ubuntu/replay/examples/demos/exp_to_acos/1/code/.ttnn_runtime_artifacts/tt_metal/api/ -I/home/ubuntu/replay/examples/demos/exp_to_acos/1/code/.ttnn_runtime_artifacts/tt_metal/api/tt-metalium/ -I/home/ubuntu/replay/examples/demos/exp_to_acos/1/code/.ttnn_runtime_artifacts/tt_metal/third_party/tt_llk/tt_llk_wormhole_b0/llk_lib -I/home/ubuntu/replay/examples/demos/exp_to_acos/1/code/.ttnn_runtime_artifacts/tt_metal/hw/ckernels/wormhole_b0/metal/common -I/home/ubuntu/replay/examples/demos/exp_to_acos/1/code/.ttnn_runtime_artifacts/tt_metal/hw/ckernels/wormhole_b0/metal/llk_io -I/home/ubuntu/replay/examples/demos/exp_to_acos/1/code/.ttnn_runtime_artifacts/tt_metal/hw/ckernels/wormhole_b0/metal/llk_api -I/home/ubuntu/replay/examples/demos/exp_to_acos/1/code/.ttnn_runtime_artifacts/tt_metal/hw/ckernels/wormhole_b0/metal/llk_api/llk_sfpu -I/opt/tenstorrent/sfpi/include -I/home/ubuntu/replay/examples/demos/exp_to_acos/1/code/.ttnn_runtime_artifacts/tt_metal/hw/firmware/src -I/home/ubuntu/replay/examples/demos/exp_to_acos/1/code/.ttnn_runtime_artifacts/tt_metal/third_party/tt_llk/tt_llk_wormhole_b0/llk_lib -c -o trisck.o /home/ubuntu/replay/examples/demos/exp_to_acos/1/code/.ttnn_runtime_artifacts/tt_metal/hw/firmware/src/trisck.cc -DARCH_WORMHOLE -DIS_NOT_POW2_NUM_DRAM_BANKS=1 -DLOG_BASE_2_OF_NUM_L1_BANKS=6 -DNUM_DRAM_BANKS=12 -DNUM_L1_BANKS=64 -DPCIE_NOC_X=0 -DPCIE_NOC_Y=3 -DTENSIX_FIRMWARE -DLOCAL_MEM_EN=0 -DROUTING_FW_ENABLED -DUCK_CHLKC_MATH -DNAMESPACE=chlkc_math -DCOMPILE_FOR_TRISC=1 -DKERNEL_BUILD -DDISPATCH_MESSAGE_ADDR=4290183304 -DKERNEL_COMPILE_TIME_ARGS=4,1  (build.cpp:62)
2025-07-03 03:47:58.582 | critical |          Always | trisc1 build failed. Log: In file included from ../chlkc_math.cpp:3,
                 from /home/ubuntu/replay/examples/demos/exp_to_acos/1/code/.ttnn_runtime_artifacts/tt_metal/hw/ckernels/wormhole_b0/metal/common/chlkc_list.h:21,
                 from /home/ubuntu/replay/examples/demos/exp_to_acos/1/code/.ttnn_runtime_artifacts/tt_metal/hw/firmware/src/trisck.cc:14:
/home/ubuntu/replay/examples/demos/exp_to_acos/1/code/tt_eltwise_sfpu.cpp:8:10: fatal error: compute_kernel_api/eltwise_unary/acos.h: No such file or directory
    8 | #include "compute_kernel_api/eltwise_unary/acos.h"
      |          ^~~~~~~~~~~~~~~~~~~~~~~~~~~~~~~~~~~~~~~~~
compilation terminated.
 (assert.hpp:107)
2025-07-03 03:47:58.584 | critical |          Always | Failed to generate binaries for tt_eltwise_sfpu TT_THROW @ /project/tt_metal/jit_build/build.cpp:66: tt::exception
info:
trisc0 build failed. Log: In file included from ../chlkc_unpack.cpp:3,
                 from /home/ubuntu/replay/examples/demos/exp_to_acos/1/code/.ttnn_runtime_artifacts/tt_metal/hw/ckernels/wormhole_b0/metal/common/chlkc_list.h:37,
                 from /home/ubuntu/replay/examples/demos/exp_to_acos/1/code/.ttnn_runtime_artifacts/tt_metal/hw/firmware/src/trisck.cc:14:
/home/ubuntu/replay/examples/demos/exp_to_acos/1/code/tt_eltwise_sfpu.cpp:8:10: fatal error: compute_kernel_api/eltwise_unary/acos.h: No such file or directory
    8 | #include "compute_kernel_api/eltwise_unary/acos.h"
      |          ^~~~~~~~~~~~~~~~~~~~~~~~~~~~~~~~~~~~~~~~~
compilation terminated.

backtrace:
 --- /home/ubuntu/replay/replay_env/lib/python3.10/site-packages/ttnn/build/lib/_ttnncpp.so(+0xae37f9) [0x7f814d1187f9]
 --- /home/ubuntu/replay/replay_env/lib/python3.10/site-packages/ttnn/build/lib/_ttnncpp.so(+0xf1733c) [0x7f814d54c33c]
 --- tt::tt_metal::JitBuildState::compile_one(std::__cxx11::basic_string<char, std::char_traits<char>, std::allocator<char> > const&, std::__cxx11::basic_string<char, std::char_traits<char>, std::allocator<char> > const&, tt::tt_metal::JitBuildSettings const*, std::__cxx11::basic_string<char, std::char_traits<char>, std::allocator<char> > const&, std::__cxx11::basic_string<char, std::char_traits<char>, std::allocator<char> > const&) const
 --- /home/ubuntu/replay/replay_env/lib/python3.10/site-packages/ttnn/build/lib/_ttnncpp.so(+0xf1c5e4) [0x7f814d5515e4]
 --- /home/ubuntu/replay/replay_env/lib/python3.10/site-packages/ttnn/build/lib/_ttnncpp.so(+0xf1c589) [0x7f814d551589]
 --- /home/ubuntu/replay/replay_env/lib/python3.10/site-packages/ttnn/build/lib/_ttnncpp.so(+0xdb5ad7) [0x7f814d3eaad7]
 --- /lib/x86_64-linux-gnu/libc.so.6(+0x99ee8) [0x7f818b996ee8]
 --- /home/ubuntu/replay/replay_env/lib/python3.10/site-packages/ttnn/build/lib/_ttnncpp.so(+0xdb5a52) [0x7f814d3eaa52]
 --- /home/ubuntu/replay/replay_env/lib/python3.10/site-packages/ttnn/build/lib/_ttnncpp.so(+0xf1c351) [0x7f814d551351]
 --- /home/ubuntu/replay/replay_env/lib/python3.10/site-packages/ttnn/build/lib/_ttnncpp.so(+0xdb9c65) [0x7f814d3eec65]
 --- /home/ubuntu/replay/replay_env/lib/python3.10/site-packages/ttnn/build/lib/_ttnncpp.so(+0xdb8831) [0x7f814d3ed831]
 --- /home/ubuntu/replay/replay_env/lib/python3.10/site-packages/ttnn/build/lib/_ttnncpp.so(+0xdb7cb9) [0x7f814d3eccb9]
 --- /lib/x86_64-linux-gnu/libstdc++.so.6(+0xdc253) [0x7f8175dc5253]
 --- /lib/x86_64-linux-gnu/libc.so.6(+0x94ac3) [0x7f818b991ac3]
 --- /lib/x86_64-linux-gnu/libc.so.6(+0x126850) [0x7f818ba23850]
 (assert.hpp:107)
2025-07-03 03:47:58.596 | error    |    BuildKernels | trisc2 compile failure -- cmd: cd /home/ubuntu/.cache/tt-metal-cache/dc41b871c4/4097/kernels/tt_eltwise_sfpu/8485080132360795593/trisc2/ && /opt/tenstorrent/sfpi/compiler/bin/riscv32-tt-elf-g++ -O3 -mcpu=tt-wh -std=c++17 -flto=auto -ffast-math -g -fno-use-cxa-atexit -fno-exceptions -Wall -Werror -Wno-unknown-pragmas -Wno-deprecated-declarations -Wno-error=multistatement-macros -Wno-error=parentheses -Wno-error=unused-but-set-variable -Wno-unused-variable -Wno-unused-function -I. -I.. -I/home/ubuntu/replay/examples/demos/exp_to_acos/1/code/.ttnn_runtime_artifacts/ -I/home/ubuntu/replay/examples/demos/exp_to_acos/1/code/.ttnn_runtime_artifacts/ttnn -I/home/ubuntu/replay/examples/demos/exp_to_acos/1/code/.ttnn_runtime_artifacts/ttnn/cpp -I/home/ubuntu/replay/examples/demos/exp_to_acos/1/code/.ttnn_runtime_artifacts/tt_metal -I/home/ubuntu/replay/examples/demos/exp_to_acos/1/code/.ttnn_runtime_artifacts/tt_metal/include -I/home/ubuntu/replay/examples/demos/exp_to_acos/1/code/.ttnn_runtime_artifacts/tt_metal/hw/inc -I/home/ubuntu/replay/examples/demos/exp_to_acos/1/code/.ttnn_runtime_artifacts/tt_metal/hostdevcommon/api -I/home/ubuntu/replay/examples/demos/exp_to_acos/1/code/.ttnn_runtime_artifacts/tt_metal/hw/inc/debug -I/home/ubuntu/replay/examples/demos/exp_to_acos/1/code/.ttnn_runtime_artifacts/tt_metal/hw/inc/wormhole -I/home/ubuntu/replay/examples/demos/exp_to_acos/1/code/.ttnn_runtime_artifacts/tt_metal/hw/inc/wormhole/wormhole_b0_defines -I/home/ubuntu/replay/examples/demos/exp_to_acos/1/code/.ttnn_runtime_artifacts/tt_metal/hw/inc/wormhole/noc -I/home/ubuntu/replay/examples/demos/exp_to_acos/1/code/.ttnn_runtime_artifacts/tt_metal/hw/ckernels/wormhole_b0/metal/common -I/home/ubuntu/replay/examples/demos/exp_to_acos/1/code/.ttnn_runtime_artifacts/tt_metal/hw/ckernels/wormhole_b0/metal/llk_io -I/home/ubuntu/replay/examples/demos/exp_to_acos/1/code/.ttnn_runtime_artifacts/tt_metal/third_party/tt_llk/tt_llk_wormhole_b0/common/inc -I/home/ubuntu/replay/examples/demos/exp_to_acos/1/code/.ttnn_runtime_artifacts/tt_metal/api/ -I/home/ubuntu/replay/examples/demos/exp_to_acos/1/code/.ttnn_runtime_artifacts/tt_metal/api/tt-metalium/ -I/home/ubuntu/replay/examples/demos/exp_to_acos/1/code/.ttnn_runtime_artifacts/tt_metal/third_party/tt_llk/tt_llk_wormhole_b0/llk_lib -I/home/ubuntu/replay/examples/demos/exp_to_acos/1/code/.ttnn_runtime_artifacts/tt_metal/hw/ckernels/wormhole_b0/metal/common -I/home/ubuntu/replay/examples/demos/exp_to_acos/1/code/.ttnn_runtime_artifacts/tt_metal/hw/ckernels/wormhole_b0/metal/llk_io -I/home/ubuntu/replay/examples/demos/exp_to_acos/1/code/.ttnn_runtime_artifacts/tt_metal/hw/ckernels/wormhole_b0/metal/llk_api -I/home/ubuntu/replay/examples/demos/exp_to_acos/1/code/.ttnn_runtime_artifacts/tt_metal/hw/ckernels/wormhole_b0/metal/llk_api/llk_sfpu -I/opt/tenstorrent/sfpi/include -I/home/ubuntu/replay/examples/demos/exp_to_acos/1/code/.ttnn_runtime_artifacts/tt_metal/hw/firmware/src -I/home/ubuntu/replay/examples/demos/exp_to_acos/1/code/.ttnn_runtime_artifacts/tt_metal/third_party/tt_llk/tt_llk_wormhole_b0/llk_lib -c -o trisck.o /home/ubuntu/replay/examples/demos/exp_to_acos/1/code/.ttnn_runtime_artifacts/tt_metal/hw/firmware/src/trisck.cc -DARCH_WORMHOLE -DIS_NOT_POW2_NUM_DRAM_BANKS=1 -DLOG_BASE_2_OF_NUM_L1_BANKS=6 -DNUM_DRAM_BANKS=12 -DNUM_L1_BANKS=64 -DPCIE_NOC_X=0 -DPCIE_NOC_Y=3 -DTENSIX_FIRMWARE -DLOCAL_MEM_EN=0 -DROUTING_FW_ENABLED -DUCK_CHLKC_PACK -DNAMESPACE=chlkc_pack -DCOMPILE_FOR_TRISC=2 -DKERNEL_BUILD -DDISPATCH_MESSAGE_ADDR=4290183304 -DKERNEL_COMPILE_TIME_ARGS=4,1  (build.cpp:62)
2025-07-03 03:47:58.596 | critical |          Always | trisc2 build failed. Log: In file included from ../chlkc_pack.cpp:3,
                 from /home/ubuntu/replay/examples/demos/exp_to_acos/1/code/.ttnn_runtime_artifacts/tt_metal/hw/ckernels/wormhole_b0/metal/common/chlkc_list.h:29,
                 from /home/ubuntu/replay/examples/demos/exp_to_acos/1/code/.ttnn_runtime_artifacts/tt_metal/hw/firmware/src/trisck.cc:14:
/home/ubuntu/replay/examples/demos/exp_to_acos/1/code/tt_eltwise_sfpu.cpp:8:10: fatal error: compute_kernel_api/eltwise_unary/acos.h: No such file or directory
    8 | #include "compute_kernel_api/eltwise_unary/acos.h"
      |          ^~~~~~~~~~~~~~~~~~~~~~~~~~~~~~~~~~~~~~~~~
compilation terminated.
 (assert.hpp:107)
2025-07-03 03:47:58.658 | info     |           Metal | Closing mesh device 1 (mesh_device.cpp:491)
2025-07-03 03:47:58.659 | info     |           Metal | Closing mesh device 0 (mesh_device.cpp:491)
2025-07-03 03:47:58.659 | info     |           Metal | Closing device 0 (device.cpp:467)
2025-07-03 03:47:58.659 | info     |           Metal | Disabling and clearing program cache on device 0 (device.cpp:774)
