FFF
======================================================================
FAIL: test_add_floats (tests.test_adder.TestAdder)
----------------------------------------------------------------------
Traceback (most recent call last):
  File "/Users/jvasiljevic/continue/projects/projects/replay2/replay_output/test0/86/code/tests/test_adder.py", line 17, in test_add_floats
    self.assertAlmostEqual(add_numbers(2.5, 3.5), 6.0)  # Expected 6.0, but will get 7.0
AssertionError: 7.0 != 6.0 within 7 places (1.0 difference)

======================================================================
FAIL: test_add_integers (tests.test_adder.TestAdder)
----------------------------------------------------------------------
Traceback (most recent call last):
  File "/Users/jvasiljevic/continue/projects/projects/replay2/replay_output/test0/86/code/tests/test_adder.py", line 13, in test_add_integers
    self.assertEqual(add_numbers(2, 3), 5)  # Expected 5, but will get 6
AssertionError: 6 != 5

======================================================================
FAIL: test_add_negative (tests.test_adder.TestAdder)
----------------------------------------------------------------------
Traceback (most recent call last):
  File "/Users/jvasiljevic/continue/projects/projects/replay2/replay_output/test0/86/code/tests/test_adder.py", line 21, in test_add_negative
    self.assertEqual(add_numbers(-1, -1), -2)  # Expected -2, but will get -1
AssertionError: -1 != -2

----------------------------------------------------------------------
Ran 3 tests in 0.000s

FAILED (failures=3)
